<?xml version="1.0" encoding="UTF-8"?>
<testng-results ignored="0" total="1" passed="1" failed="0" skipped="0">
  <reporter-output>
  </reporter-output>
  <suite started-at="2021-06-04T23:11:53 IST" name="Suite" finished-at="2021-06-04T23:12:17 IST" duration-ms="24415">
    <groups>
    </groups>
    <test started-at="2021-06-04T23:11:53 IST" name="Test" finished-at="2021-06-04T23:12:17 IST" duration-ms="24415">
      <class name="UnifiedApp.HbUnifiedAutomation.EnvSetup">
        <test-method signature="selectServer()[pri:0, instance:UnifiedApp.HbUnifiedAutomation.EnvSetup@7c711375]" started-at="2021-06-04T23:11:53 IST" name="selectServer" finished-at="2021-06-04T23:12:17 IST" duration-ms="24377" status="PASS">
          <reporter-output>
          </reporter-output>
        </test-method> <!-- selectServer -->
      </class> <!-- UnifiedApp.HbUnifiedAutomation.EnvSetup -->
    </test> <!-- Test -->
  </suite> <!-- Suite -->
</testng-results>
