<?xml version="1.0" encoding="UTF-8"?>
<testsuite xmlns:xsi="http://www.w3.org/2001/XMLSchema-instance" xsi:noNamespaceSchemaLocation="https://maven.apache.org/surefire/maven-surefire-plugin/xsd/surefire-test-report-3.0.xsd" version="3.0" name="TestSuite" time="118.758" tests="4" errors="0" skipped="0" failures="1">
  <properties>
[...]
</properties>
  <testcase name="selectServer" classname="UnifiedApp.HbUnifiedAutomation.EnvSetup" time="32.328"/>
  <testcase name="selectServer" classname="UnifiedApp.HbUnifiedAutomation.EnvSetup" time="30.565"/>
  <testcase name="selectServer" classname="UnifiedApp.HbUnifiedAutomation.EnvSetup" time="28.294"/>
  <testcase name="LoginPage" classname="UnifiedApp.HbUnifiedAutomation.Login" time="24.202">
    <failure message="org.openqa.selenium.WebDriverException: An unknown server-side error occurred while processing the command. Original error: java.lang.IllegalStateException: Unable to evaluate expression. See cause&#10;Build info: version: &apos;3.141.59&apos;, revision: &apos;e82be7d358&apos;, time: &apos;2018-11-14T08:17:03&apos;&#10;System info: host: &apos;DESKTOP-FRNMMBE&apos;, ip: &apos;192.168.29.147&apos;, os.name: &apos;Windows 10&apos;, os.arch: &apos;amd64&apos;, os.version: &apos;10.0&apos;, java.version: &apos;1.8.0_291&apos;&#10;Driver info: io.appium.java_client.android.AndroidDriver&#10;Capabilities {app: C:\Users\AKASH KUMAR\eclips..., appPackage: com.hungerbox.customer.common, automationName: uiautomator2, databaseEnabled: false, desired: {app: C:\Users\AKASH KUMAR\eclips..., automationName: uiautomator2, deviceName: emulator_Akash, newCommandTimeout: 15, platformName: android}, deviceApiLevel: 28, deviceManufacturer: Google, deviceModel: AOSP on IA Emulator, deviceName: emulator-5554, deviceScreenDensity: 440, deviceScreenSize: 1080x2220, deviceUDID: emulator-5554, javascriptEnabled: true, locationContextEnabled: false, networkConnectionEnabled: true, newCommandTimeout: 15, pixelRatio: 2.75, platform: LINUX, platformName: Android, platformVersion: 9, statBarHeight: 66, takesScreenshot: true, viewportRect: {height: 2022, left: 0, top: 66, width: 1080}, warnings: {}, webStorageEnabled: false}&#10;Session ID: d2cad76b-48f9-49ed-b91f-de0005332043&#10;*** Element info: {Using=xpath, value=//*[contains(@text=&apos;LOG IN&apos;)]}" type="org.openqa.selenium.WebDriverException">org.openqa.selenium.WebDriverException: 
org.openqa.selenium.WebDriverException: An unknown server-side error occurred while processing the command. Original error: java.lang.IllegalStateException: Unable to evaluate expression. See cause
Build info: version: '3.141.59', revision: 'e82be7d358', time: '2018-11-14T08:17:03'
System info: host: 'DESKTOP-FRNMMBE', ip: '192.168.29.147', os.name: 'Windows 10', os.arch: 'amd64', os.version: '10.0', java.version: '1.8.0_291'
Driver info: io.appium.java_client.android.AndroidDriver
Capabilities {app: C:\Users\AKASH KUMAR\eclips..., appPackage: com.hungerbox.customer.common, automationName: uiautomator2, databaseEnabled: false, desired: {app: C:\Users\AKASH KUMAR\eclips..., automationName: uiautomator2, deviceName: emulator_Akash, newCommandTimeout: 15, platformName: android}, deviceApiLevel: 28, deviceManufacturer: Google, deviceModel: AOSP on IA Emulator, deviceName: emulator-5554, deviceScreenDensity: 440, deviceScreenSize: 1080x2220, deviceUDID: emulator-5554, javascriptEnabled: true, locationContextEnabled: false, networkConnectionEnabled: true, newCommandTimeout: 15, pixelRatio: 2.75, platform: LINUX, platformName: Android, platformVersion: 9, statBarHeight: 66, takesScreenshot: true, viewportRect: {height: 2022, left: 0, top: 66, width: 1080}, warnings: {}, webStorageEnabled: false}
Session ID: d2cad76b-48f9-49ed-b91f-de0005332043
*** Element info: {Using=xpath, value=//*[contains(@text='LOG IN')]}
	at UnifiedApp.HbUnifiedAutomation.Login.LoginPage(Login.java:25)
Caused by: org.openqa.selenium.WebDriverException: 
An unknown server-side error occurred while processing the command. Original error: java.lang.IllegalStateException: Unable to evaluate expression. See cause
Build info: version: '3.141.59', revision: 'e82be7d358', time: '2018-11-14T08:17:03'
System info: host: 'DESKTOP-FRNMMBE', ip: '192.168.29.147', os.name: 'Windows 10', os.arch: 'amd64', os.version: '10.0', java.version: '1.8.0_291'
Driver info: io.appium.java_client.android.AndroidDriver
Capabilities {app: C:\Users\AKASH KUMAR\eclips..., appPackage: com.hungerbox.customer.common, automationName: uiautomator2, databaseEnabled: false, desired: {app: C:\Users\AKASH KUMAR\eclips..., automationName: uiautomator2, deviceName: emulator_Akash, newCommandTimeout: 15, platformName: android}, deviceApiLevel: 28, deviceManufacturer: Google, deviceModel: AOSP on IA Emulator, deviceName: emulator-5554, deviceScreenDensity: 440, deviceScreenSize: 1080x2220, deviceUDID: emulator-5554, javascriptEnabled: true, locationContextEnabled: false, networkConnectionEnabled: true, newCommandTimeout: 15, pixelRatio: 2.75, platform: LINUX, platformName: Android, platformVersion: 9, statBarHeight: 66, takesScreenshot: true, viewportRect: {height: 2022, left: 0, top: 66, width: 1080}, warnings: {}, webStorageEnabled: false}
Session ID: d2cad76b-48f9-49ed-b91f-de0005332043
*** Element info: {Using=xpath, value=//*[contains(@text='LOG IN')]}
	at UnifiedApp.HbUnifiedAutomation.Login.LoginPage(Login.java:25)
</failure>
    <system-out><![CDATA[[debug] &amp#27;[35m[HTTP]&amp#27;[39m Request idempotency key: 69d0ef81-3c16-4f3b-8307-a04bbc5d7e1f
&amp#27;[35m[HTTP]&amp#27;[39m &amp#27;[37m-->&amp#27;[39m &amp#27;[37mPOST&amp#27;[39m &amp#27;[37m/wd/hub/session&amp#27;[39m
&amp#27;[35m[HTTP]&amp#27;[39m &amp#27;[90m{"desiredCapabilities":{"app":"C:\\Users\\AKASH KUMAR\\eclipse-workspace\\HbUnifiedAutomation\\src\\hbunifiedrc.apk","automationName":"uiautomator2","platformName":"Android","deviceName":"emulator_Akash","newCommandTimeout":15},"capabilities":{"firstMatch":[{"appium:app":"C:\\Users\\AKASH KUMAR\\eclipse-workspace\\HbUnifiedAutomation\\src\\hbunifiedrc.apk","appium:automationName":"uiautomator2","appium:deviceName":"emulator_Akash","appium:newCommandTimeout":15,"platformName":"android"}]}}&amp#27;[39m
[debug] &amp#27;[35m[W3C]&amp#27;[39m Calling AppiumDriver.createSession() with args: [{"app":"C:\\Users\\AKASH KUMAR\\eclipse-workspace\\HbUnifiedAutomation\\src\\hbunifiedrc.apk","automationName":"uiautomator2","platformName":"Android","deviceName":"emulator_Akash","newCommandTimeout":15},null,{"firstMatch":[{"appium:app":"C:\\Users\\AKASH KUMAR\\eclipse-workspace\\HbUnifiedAutomation\\src\\hbunifiedrc.apk","appium:automationName":"uiautomator2","appium:deviceName":"emulator_Akash","appium:newCommandTimeout":15,"platformName":"android"}]}]
[debug] &amp#27;[35m[BaseDriver]&amp#27;[39m Event 'newSessionRequested' logged at 1624557084683 (23:21:24 GMT+0530 (India Standard Time))
&amp#27;[35m[Appium]&amp#27;[39m Appium v1.20.2 creating new AndroidUiautomator2Driver (v1.61.2) session
[debug] &amp#27;[35m[BaseDriver]&amp#27;[39m W3C capabilities and MJSONWP desired capabilities were provided
[debug] &amp#27;[35m[BaseDriver]&amp#27;[39m Creating session with W3C capabilities: {
[debug] &amp#27;[35m[BaseDriver]&amp#27;[39m   "alwaysMatch": {
[debug] &amp#27;[35m[BaseDriver]&amp#27;[39m     "platformName": "android",
[debug] &amp#27;[35m[BaseDriver]&amp#27;[39m     "appium:app": "C:\\Users\\AKASH KUMAR\\eclipse-workspace\\HbUnifiedAutomation\\src\\hbunifiedrc.apk",
[debug] &amp#27;[35m[BaseDriver]&amp#27;[39m     "appium:automationName": "uiautomator2",
[debug] &amp#27;[35m[BaseDriver]&amp#27;[39m     "appium:deviceName": "emulator_Akash",
[debug] &amp#27;[35m[BaseDriver]&amp#27;[39m     "appium:newCommandTimeout": 15
[debug] &amp#27;[35m[BaseDriver]&amp#27;[39m   },
[debug] &amp#27;[35m[BaseDriver]&amp#27;[39m   "firstMatch": [
[debug] &amp#27;[35m[BaseDriver]&amp#27;[39m     {}
[debug] &amp#27;[35m[BaseDriver]&amp#27;[39m   ]
[debug] &amp#27;[35m[BaseDriver]&amp#27;[39m }
&amp#27;[35m[BaseDriver]&amp#27;[39m Session created with session id: d2cad76b-48f9-49ed-b91f-de0005332043
&amp#27;[35m[BaseDriver]&amp#27;[39m Using local app 'C:\Users\AKASH KUMAR\eclipse-workspace\HbUnifiedAutomation\src\hbunifiedrc.apk'
[debug] &amp#27;[35m[UiAutomator2]&amp#27;[39m Checking whether app is actually present
&amp#27;[35m[ADB]&amp#27;[39m Using 'adb.exe' from 'C:\Users\AKASH KUMAR\AppData\Local\Android\Sdk\platform-tools\adb.exe'
[debug] &amp#27;[35m[ADB]&amp#27;[39m Running 'C:\Users\AKASH KUMAR\AppData\Local\Android\Sdk\platform-tools\adb.exe -P 5037 start-server'
&amp#27;[35m[AndroidDriver]&amp#27;[39m Retrieving device list
[debug] &amp#27;[35m[ADB]&amp#27;[39m Trying to find a connected android device
[debug] &amp#27;[35m[ADB]&amp#27;[39m Getting connected devices
[debug] &amp#27;[35m[ADB]&amp#27;[39m Connected devices: [{"udid":"emulator-5554","state":"device"}]
&amp#27;[35m[AndroidDriver]&amp#27;[39m Using device: emulator-5554
&amp#27;[35m[ADB]&amp#27;[39m Using 'adb.exe' from 'C:\Users\AKASH KUMAR\AppData\Local\Android\Sdk\platform-tools\adb.exe'
[debug] &amp#27;[35m[ADB]&amp#27;[39m Running 'C:\Users\AKASH KUMAR\AppData\Local\Android\Sdk\platform-tools\adb.exe -P 5037 start-server'
[debug] &amp#27;[35m[ADB]&amp#27;[39m Setting device id to emulator-5554
[debug] &amp#27;[35m[ADB]&amp#27;[39m Running 'C:\Users\AKASH KUMAR\AppData\Local\Android\Sdk\platform-tools\adb.exe -P 5037 -s emulator-5554 shell getprop ro.build.version.sdk'
[debug] &amp#27;[35m[ADB]&amp#27;[39m Current device property 'ro.build.version.sdk': 28
&amp#27;[35m[ADB]&amp#27;[39m Getting device platform version
[debug] &amp#27;[35m[ADB]&amp#27;[39m Running 'C:\Users\AKASH KUMAR\AppData\Local\Android\Sdk\platform-tools\adb.exe -P 5037 -s emulator-5554 shell getprop ro.build.version.release'
[debug] &amp#27;[35m[ADB]&amp#27;[39m Current device property 'ro.build.version.release': 9
[debug] &amp#27;[35m[ADB]&amp#27;[39m Device API level: 28
&amp#27;[35m[UiAutomator2]&amp#27;[39m Relaxing hidden api policy
[debug] &amp#27;[35m[ADB]&amp#27;[39m Running 'C:\Users\AKASH KUMAR\AppData\Local\Android\Sdk\platform-tools\adb.exe -P 5037 -s emulator-5554 shell 'settings put global hidden_api_policy_pre_p_apps 1;settings put global hidden_api_policy_p_apps 1;settings put global hidden_api_policy 1''
[debug] &amp#27;[35m[AndroidDriver]&amp#27;[39m Parsing package and activity from app manifest
&amp#27;[35m[ADB]&amp#27;[39m Package name: 'com.hungerbox.customer.common'
&amp#27;[35m[ADB]&amp#27;[39m Main activity name: 'com.hungerbox.customer.prelogin.activity.MainActivity'
[debug] &amp#27;[35m[AndroidDriver]&amp#27;[39m Parsed package and activity are: com.hungerbox.customer.common/com.hungerbox.customer.prelogin.activity.MainActivity
[debug] &amp#27;[35m[ADB]&amp#27;[39m Running 'C:\Users\AKASH KUMAR\AppData\Local\Android\Sdk\platform-tools\adb.exe -P 5037 -s emulator-5554 wait-for-device'
[debug] &amp#27;[35m[ADB]&amp#27;[39m Running 'C:\Users\AKASH KUMAR\AppData\Local\Android\Sdk\platform-tools\adb.exe -P 5037 -s emulator-5554 shell echo ping'
[debug] &amp#27;[35m[AndroidDriver]&amp#27;[39m Pushing settings apk to device...
[debug] &amp#27;[35m[ADB]&amp#27;[39m Getting install status for io.appium.settings
[debug] &amp#27;[35m[ADB]&amp#27;[39m Running 'C:\Users\AKASH KUMAR\AppData\Local\Android\Sdk\platform-tools\adb.exe -P 5037 -s emulator-5554 shell dumpsys package io.appium.settings'
[debug] &amp#27;[35m[ADB]&amp#27;[39m 'io.appium.settings' is installed
[debug] &amp#27;[35m[ADB]&amp#27;[39m Getting package info for 'io.appium.settings'
[debug] &amp#27;[35m[ADB]&amp#27;[39m Running 'C:\Users\AKASH KUMAR\AppData\Local\Android\Sdk\platform-tools\adb.exe -P 5037 -s emulator-5554 shell dumpsys package io.appium.settings'
[debug] &amp#27;[35m[ADB]&amp#27;[39m The version name of the installed 'io.appium.settings' is greater or equal to the application version name ('3.2.1' >= '3.2.1')
[debug] &amp#27;[35m[ADB]&amp#27;[39m There is no need to install/upgrade 'C:\Users\AKASH KUMAR\AppData\Roaming\npm\node_modules\appium\node_modules\io.appium.settings\apks\settings_apk-debug.apk'
[debug] &amp#27;[35m[ADB]&amp#27;[39m Getting IDs of all 'io.appium.settings' processes
[debug] &amp#27;[35m[ADB]&amp#27;[39m Running 'C:\Users\AKASH KUMAR\AppData\Local\Android\Sdk\platform-tools\adb.exe -P 5037 -s emulator-5554 shell 'pgrep --help; echo $?''
[debug] &amp#27;[35m[ADB]&amp#27;[39m Running 'C:\Users\AKASH KUMAR\AppData\Local\Android\Sdk\platform-tools\adb.exe -P 5037 -s emulator-5554 shell pgrep -f \(\[\[:blank:\]\]\|\^\)io\.appium\.settings\(\[\[:blank:\]\]\|\$\)'
[debug] &amp#27;[35m[AndroidDriver]&amp#27;[39m io.appium.settings is already running. There is no need to reset its permissions.
[debug] &amp#27;[35m[Logcat]&amp#27;[39m Starting logs capture with command: 'C:\\Users\\AKASH KUMAR\\AppData\\Local\\Android\\Sdk\\platform-tools\\adb.exe' -P 5037 -s emulator-5554 logcat -v threadtime
[debug] &amp#27;[35m[UiAutomator2]&amp#27;[39m Forwarding UiAutomator2 Server port 6790 to local port 8201
[debug] &amp#27;[35m[ADB]&amp#27;[39m Forwarding system: 8201 to device: 6790
[debug] &amp#27;[35m[ADB]&amp#27;[39m Running 'C:\Users\AKASH KUMAR\AppData\Local\Android\Sdk\platform-tools\adb.exe -P 5037 -s emulator-5554 forward tcp:8201 tcp:6790'
[debug] &amp#27;[35m[ADB]&amp#27;[39m Getting install status for io.appium.uiautomator2.server
[debug] &amp#27;[35m[ADB]&amp#27;[39m Running 'C:\Users\AKASH KUMAR\AppData\Local\Android\Sdk\platform-tools\adb.exe -P 5037 -s emulator-5554 shell dumpsys package io.appium.uiautomator2.server'
[debug] &amp#27;[35m[ADB]&amp#27;[39m 'io.appium.uiautomator2.server' is installed
[debug] &amp#27;[35m[ADB]&amp#27;[39m Getting package info for 'io.appium.uiautomator2.server'
[debug] &amp#27;[35m[ADB]&amp#27;[39m Running 'C:\Users\AKASH KUMAR\AppData\Local\Android\Sdk\platform-tools\adb.exe -P 5037 -s emulator-5554 shell dumpsys package io.appium.uiautomator2.server'
[debug] &amp#27;[35m[ADB]&amp#27;[39m The version name of the installed 'io.appium.uiautomator2.server' is greater or equal to the application version name ('4.17.4' >= '4.17.4')
[debug] &amp#27;[35m[UiAutomator2]&amp#27;[39m io.appium.uiautomator2.server installation state: sameVersionInstalled
[debug] &amp#27;[35m[ADB]&amp#27;[39m Checking app cert for C:\Users\AKASH KUMAR\AppData\Roaming\npm\node_modules\appium\node_modules\appium-uiautomator2-server\apks\appium-uiautomator2-server-v4.17.4.apk
&amp#27;[35m[ADB]&amp#27;[39m Using 'apksigner.jar' from 'C:\Users\AKASH KUMAR\AppData\Local\Android\Sdk\build-tools\30.0.3\lib\apksigner.jar'
[debug] &amp#27;[35m[ADB]&amp#27;[39m Starting apksigner: 'C:\\Program Files\\Java\\jdk1.8.0_291\\bin\\java.exe' -Xmx1024M -Xss1m -jar 'C:\\Users\\AKASH KUMAR\\AppData\\Local\\Android\\Sdk\\build-tools\\30.0.3\\lib\\apksigner.jar' verify --print-certs 'C:\\Users\\AKASH KUMAR\\AppData\\Roaming\\npm\\node_modules\\appium\\node_modules\\appium-uiautomator2-server\\apks\\appium-uiautomator2-server-v4.17.4.apk'
[debug] &amp#27;[35m[ADB]&amp#27;[39m apksigner stdout: Signer #1 certificate DN: EMAILADDRESS=android@android.com, CN=Android, OU=Android, O=Android, L=Mountain View, ST=California, C=US
[debug] &amp#27;[35m[ADB]&amp#27;[39m Signer #1 certificate SHA-256 digest: a40da80a59d170caa950cf15c18c454d47a39b26989d8b640ecd745ba71bf5dc
[debug] &amp#27;[35m[ADB]&amp#27;[39m Signer #1 certificate SHA-1 digest: 61ed377e85d386a8dfee6b864bd85b0bfaa5af81
[debug] &amp#27;[35m[ADB]&amp#27;[39m Signer #1 certificate MD5 digest: e89b158e4bcf988ebd09eb83f5378e87
[debug] &amp#27;[35m[ADB]&amp#27;[39m 
[debug] &amp#27;[35m[ADB]&amp#27;[39m sha256 hash did match for 'appium-uiautomator2-server-v4.17.4.apk'
&amp#27;[35m[ADB]&amp#27;[39m 'C:\Users\AKASH KUMAR\AppData\Roaming\npm\node_modules\appium\node_modules\appium-uiautomator2-server\apks\appium-uiautomator2-server-v4.17.4.apk' is signed with the default certificate
[debug] &amp#27;[35m[ADB]&amp#27;[39m Getting install status for io.appium.uiautomator2.server.test
[debug] &amp#27;[35m[ADB]&amp#27;[39m Running 'C:\Users\AKASH KUMAR\AppData\Local\Android\Sdk\platform-tools\adb.exe -P 5037 -s emulator-5554 shell dumpsys package io.appium.uiautomator2.server.test'
[debug] &amp#27;[35m[ADB]&amp#27;[39m 'io.appium.uiautomator2.server.test' is installed
[debug] &amp#27;[35m[ADB]&amp#27;[39m Checking app cert for C:\Users\AKASH KUMAR\AppData\Roaming\npm\node_modules\appium\node_modules\appium-uiautomator2-server\apks\appium-uiautomator2-server-debug-androidTest.apk
[debug] &amp#27;[35m[ADB]&amp#27;[39m Starting apksigner: 'C:\\Program Files\\Java\\jdk1.8.0_291\\bin\\java.exe' -Xmx1024M -Xss1m -jar 'C:\\Users\\AKASH KUMAR\\AppData\\Local\\Android\\Sdk\\build-tools\\30.0.3\\lib\\apksigner.jar' verify --print-certs 'C:\\Users\\AKASH KUMAR\\AppData\\Roaming\\npm\\node_modules\\appium\\node_modules\\appium-uiautomator2-server\\apks\\appium-uiautomator2-server-debug-androidTest.apk'
[debug] &amp#27;[35m[ADB]&amp#27;[39m apksigner stdout: Signer #1 certificate DN: EMAILADDRESS=android@android.com, CN=Android, OU=Android, O=Android, L=Mountain View, ST=California, C=US
[debug] &amp#27;[35m[ADB]&amp#27;[39m Signer #1 certificate SHA-256 digest: a40da80a59d170caa950cf15c18c454d47a39b26989d8b640ecd745ba71bf5dc
[debug] &amp#27;[35m[ADB]&amp#27;[39m Signer #1 certificate SHA-1 digest: 61ed377e85d386a8dfee6b864bd85b0bfaa5af81
[debug] &amp#27;[35m[ADB]&amp#27;[39m Signer #1 certificate MD5 digest: e89b158e4bcf988ebd09eb83f5378e87
[debug] &amp#27;[35m[ADB]&amp#27;[39m 
[debug] &amp#27;[35m[ADB]&amp#27;[39m sha256 hash did match for 'appium-uiautomator2-server-debug-androidTest.apk'
&amp#27;[35m[ADB]&amp#27;[39m 'C:\Users\AKASH KUMAR\AppData\Roaming\npm\node_modules\appium\node_modules\appium-uiautomator2-server\apks\appium-uiautomator2-server-debug-androidTest.apk' is signed with the default certificate
&amp#27;[35m[UiAutomator2]&amp#27;[39m Server packages are not going to be (re)installed
[debug] &amp#27;[35m[UiAutomator2]&amp#27;[39m Waiting up to 30000ms for services to be available
[debug] &amp#27;[35m[ADB]&amp#27;[39m Running 'C:\Users\AKASH KUMAR\AppData\Local\Android\Sdk\platform-tools\adb.exe -P 5037 -s emulator-5554 shell pm list instrumentation'
[debug] &amp#27;[35m[UiAutomator2]&amp#27;[39m Instrumentation target 'io.appium.uiautomator2.server.test/androidx.test.runner.AndroidJUnitRunner' is available
&amp#27;[35m[ADB]&amp#27;[39m Adding packages ["io.appium.settings","io.appium.uiautomator2.server","io.appium.uiautomator2.server.test"] to Doze whitelist
[debug] &amp#27;[35m[ADB]&amp#27;[39m Got the following command chunks to execute: [["dumpsys","deviceidle","whitelist","+io.appium.settings",";","dumpsys","deviceidle","whitelist","+io.appium.uiautomator2.server",";","dumpsys","deviceidle","whitelist","+io.appium.uiautomator2.server.test",";"]]
[debug] &amp#27;[35m[ADB]&amp#27;[39m Running 'C:\Users\AKASH KUMAR\AppData\Local\Android\Sdk\platform-tools\adb.exe -P 5037 -s emulator-5554 shell dumpsys deviceidle whitelist +io.appium.settings ; dumpsys deviceidle whitelist +io.appium.uiautomator2.server ; dumpsys deviceidle whitelist +io.appium.uiautomator2.server.test ;'
[debug] &amp#27;[35m[ADB]&amp#27;[39m Checking app cert for C:\Users\AKASH KUMAR\eclipse-workspace\HbUnifiedAutomation\src\hbunifiedrc.apk
[debug] &amp#27;[35m[ADB]&amp#27;[39m Starting apksigner: 'C:\\Program Files\\Java\\jdk1.8.0_291\\bin\\java.exe' -Xmx1024M -Xss1m -jar 'C:\\Users\\AKASH KUMAR\\AppData\\Local\\Android\\Sdk\\build-tools\\30.0.3\\lib\\apksigner.jar' verify --print-certs 'C:\\Users\\AKASH KUMAR\\eclipse-workspace\\HbUnifiedAutomation\\src\\hbunifiedrc.apk'
[debug] &amp#27;[35m[ADB]&amp#27;[39m apksigner stdout: Signer #1 certificate DN: CN=Hungerbox Hungerbox, OU=Tech, O=Hungerbox, L=Bangalore, ST=Karnataka, C=IN
[debug] &amp#27;[35m[ADB]&amp#27;[39m Signer #1 certificate SHA-256 digest: 5cc567e81f7751a29ba7025eb4fcd23761fde999f75058ae8f3d015096d3c48f
[debug] &amp#27;[35m[ADB]&amp#27;[39m Signer #1 certificate SHA-1 digest: b5e5f0822112342a68b17905daf688c21d4c2c68
[debug] &amp#27;[35m[ADB]&amp#27;[39m Signer #1 certificate MD5 digest: 185bad2f716c582ad03f5eb5c9eb824e
[debug] &amp#27;[35m[ADB]&amp#27;[39m 
&amp#27;[35m[ADB]&amp#27;[39m 'C:\Users\AKASH KUMAR\eclipse-workspace\HbUnifiedAutomation\src\hbunifiedrc.apk' is signed with a non-default certificate
[debug] &amp#27;[35m[ADB]&amp#27;[39m Getting install status for com.hungerbox.customer.common
[debug] &amp#27;[35m[ADB]&amp#27;[39m Running 'C:\Users\AKASH KUMAR\AppData\Local\Android\Sdk\platform-tools\adb.exe -P 5037 -s emulator-5554 shell dumpsys package com.hungerbox.customer.common'
[debug] &amp#27;[35m[ADB]&amp#27;[39m 'com.hungerbox.customer.common' is installed
[debug] &amp#27;[35m[ADB]&amp#27;[39m Getting package info for 'com.hungerbox.customer.common'
[debug] &amp#27;[35m[ADB]&amp#27;[39m Running 'C:\Users\AKASH KUMAR\AppData\Local\Android\Sdk\platform-tools\adb.exe -P 5037 -s emulator-5554 shell dumpsys package com.hungerbox.customer.common'
[debug] &amp#27;[35m[ADB]&amp#27;[39m The version name of the installed 'com.hungerbox.customer.common' is greater or equal to the application version name ('5.29.0' >= '5.29.0')
[debug] &amp#27;[35m[ADB]&amp#27;[39m There is no need to install/upgrade 'C:\Users\AKASH KUMAR\eclipse-workspace\HbUnifiedAutomation\src\hbunifiedrc.apk'
&amp#27;[35m[AndroidDriver]&amp#27;[39m Performing fast reset on 'com.hungerbox.customer.common'
[debug] &amp#27;[35m[ADB]&amp#27;[39m Getting install status for com.hungerbox.customer.common
[debug] &amp#27;[35m[ADB]&amp#27;[39m Running 'C:\Users\AKASH KUMAR\AppData\Local\Android\Sdk\platform-tools\adb.exe -P 5037 -s emulator-5554 shell dumpsys package com.hungerbox.customer.common'
[debug] &amp#27;[35m[ADB]&amp#27;[39m 'com.hungerbox.customer.common' is installed
[debug] &amp#27;[35m[ADB]&amp#27;[39m Running 'C:\Users\AKASH KUMAR\AppData\Local\Android\Sdk\platform-tools\adb.exe -P 5037 -s emulator-5554 shell am force-stop com.hungerbox.customer.common'
[debug] &amp#27;[35m[ADB]&amp#27;[39m Running 'C:\Users\AKASH KUMAR\AppData\Local\Android\Sdk\platform-tools\adb.exe -P 5037 -s emulator-5554 shell pm clear com.hungerbox.customer.common'
[debug] &amp#27;[35m[AndroidDriver]&amp#27;[39m Performed fast reset on the installed 'com.hungerbox.customer.common' application (stop and clear)
[debug] &amp#27;[35m[UiAutomator2]&amp#27;[39m Performing shallow cleanup of automation leftovers
[debug] &amp#27;[35m[UiAutomator2]&amp#27;[39m The following obsolete sessions are still running: [null]
[debug] &amp#27;[35m[UiAutomator2]&amp#27;[39m Cleaning up the obsolete sessions
[debug] &amp#27;[35m[Instrumentation]&amp#27;[39m .
[debug] &amp#27;[35m[Instrumentation]&amp#27;[39m Time: 26.303
[debug] &amp#27;[35m[Instrumentation]&amp#27;[39m 
[debug] &amp#27;[35m[Instrumentation]&amp#27;[39m OK (1 test)
[debug] &amp#27;[35m[Instrumentation]&amp#27;[39m The process has exited with code 0
[debug] &amp#27;[35m[ADB]&amp#27;[39m Running 'C:\Users\AKASH KUMAR\AppData\Local\Android\Sdk\platform-tools\adb.exe -P 5037 -s emulator-5554 shell am force-stop io.appium.uiautomator2.server.test'
&amp#27;[35m[BaseDriver]&amp#27;[39m Shutting down because we waited 15 seconds for a command
&amp#27;[35m[Appium]&amp#27;[39m Closing session, cause was 'New Command Timeout of 15 seconds expired. Try customizing the timeout using the 'newCommandTimeout' desired capability'
&amp#27;[35m[Appium]&amp#27;[39m Removing session '5528f1f7-e7f1-4f1f-aff5-692852024ff5' from our master session list
[debug] &amp#27;[35m[UiAutomator2]&amp#27;[39m Deleting UiAutomator2 session
[debug] &amp#27;[35m[UiAutomator2]&amp#27;[39m Deleting UiAutomator2 server session
&amp#27;[35m[UiAutomator2]&amp#27;[39m Did not get confirmation UiAutomator2 deleteSession worked; Error was: UnknownError: An unknown server-side error occurred while processing the command. Original error: 'DELETE /' cannot be proxied to UiAutomator2 server because the instrumentation process is not running (probably crashed). Check the server log and/or the logcat output for more details
[debug] &amp#27;[35m[ADB]&amp#27;[39m Running 'C:\Users\AKASH KUMAR\AppData\Local\Android\Sdk\platform-tools\adb.exe -P 5037 -s emulator-5554 shell am force-stop com.hungerbox.customer.common'
&amp#27;[35m[UiAutomator2]&amp#27;[39m Starting UIAutomator2 server 4.17.4
&amp#27;[35m[UiAutomator2]&amp#27;[39m Using UIAutomator2 server from 'C:\Users\AKASH KUMAR\AppData\Roaming\npm\node_modules\appium\node_modules\appium-uiautomator2-server\apks\appium-uiautomator2-server-v4.17.4.apk' and test from 'C:\Users\AKASH KUMAR\AppData\Roaming\npm\node_modules\appium\node_modules\appium-uiautomator2-server\apks\appium-uiautomator2-server-debug-androidTest.apk'
&amp#27;[35m[UiAutomator2]&amp#27;[39m Waiting up to 30000ms for UiAutomator2 to be online...
[debug] &amp#27;[35m[ADB]&amp#27;[39m Creating ADB subprocess with args: ["-P",5037,"-s","emulator-5554","shell","am","instrument","-w","io.appium.uiautomator2.server.test/androidx.test.runner.AndroidJUnitRunner"]
[debug] &amp#27;[35m[WD Proxy]&amp#27;[39m Matched '/status' to command name 'getStatus'
[debug] &amp#27;[35m[WD Proxy]&amp#27;[39m Proxying [GET /status] to [GET http://127.0.0.1:8201/wd/hub/status] with no body
[debug] &amp#27;[35m[Logcat]&amp#27;[39m Stopping logcat capture
&amp#27;[35m[WD Proxy]&amp#27;[39m socket hang up
[debug] &amp#27;[35m[ADB]&amp#27;[39m Removing forwarded port socket connection: 8200 
[debug] &amp#27;[35m[ADB]&amp#27;[39m Running 'C:\Users\AKASH KUMAR\AppData\Local\Android\Sdk\platform-tools\adb.exe -P 5037 -s emulator-5554 forward --remove tcp:8200'
&amp#27;[35m[UiAutomator2]&amp#27;[39m Restoring hidden api policy to the device default configuration
[debug] &amp#27;[35m[ADB]&amp#27;[39m Running 'C:\Users\AKASH KUMAR\AppData\Local\Android\Sdk\platform-tools\adb.exe -P 5037 -s emulator-5554 shell 'settings delete global hidden_api_policy_pre_p_apps;settings delete global hidden_api_policy_p_apps;settings delete global hidden_api_policy''
[debug] &amp#27;[35m[WD Proxy]&amp#27;[39m Matched '/status' to command name 'getStatus'
[debug] &amp#27;[35m[WD Proxy]&amp#27;[39m Proxying [GET /status] to [GET http://127.0.0.1:8201/wd/hub/status] with no body
&amp#27;[35m[WD Proxy]&amp#27;[39m socket hang up
[debug] &amp#27;[35m[Instrumentation]&amp#27;[39m io.appium.uiautomator2.server.test.AppiumUiAutomator2Server:
[debug] &amp#27;[35m[WD Proxy]&amp#27;[39m Matched '/status' to command name 'getStatus'
[debug] &amp#27;[35m[WD Proxy]&amp#27;[39m Proxying [GET /status] to [GET http://127.0.0.1:8201/wd/hub/status] with no body
&amp#27;[35m[WD Proxy]&amp#27;[39m socket hang up
[debug] &amp#27;[35m[WD Proxy]&amp#27;[39m Matched '/status' to command name 'getStatus'
[debug] &amp#27;[35m[WD Proxy]&amp#27;[39m Proxying [GET /status] to [GET http://127.0.0.1:8201/wd/hub/status] with no body
[debug] &amp#27;[35m[WD Proxy]&amp#27;[39m Got response with status 200: {"sessionId":"None","value":{"message":"UiAutomator2 Server is ready to accept commands","ready":true}}
[debug] &amp#27;[35m[UiAutomator2]&amp#27;[39m The initialization of the instrumentation process took 3227ms
[debug] &amp#27;[35m[WD Proxy]&amp#27;[39m Matched '/session' to command name 'createSession'
[debug] &amp#27;[35m[WD Proxy]&amp#27;[39m Proxying [POST /session] to [POST http://127.0.0.1:8201/wd/hub/session] with body: {"capabilities":{"firstMatch":[{"platform":"LINUX","webStorageEnabled":false,"takesScreenshot":true,"javascriptEnabled":true,"databaseEnabled":false,"networkConnectionEnabled":true,"locationContextEnabled":false,"warnings":{},"desired":{"platformName":"android","app":"C:\\Users\\AKASH KUMAR\\eclipse-workspace\\HbUnifiedAutomation\\src\\hbunifiedrc.apk","automationName":"uiautomator2","deviceName":"emulator_Akash","newCommandTimeout":15},"platformName":"android","app":"C:\\Users\\AKASH KUMAR\\eclipse-workspace\\HbUnifiedAutomation\\src\\hbunifiedrc.apk","automationName":"uiautomator2","deviceName":"emulator-5554","newCommandTimeout":15,"deviceUDID":"emulator-5554","appPackage":"com.hungerbox.customer.common"}],"alwaysMatch":{}}}
[debug] &amp#27;[35m[WD Proxy]&amp#27;[39m Got response with status 200: {"sessionId":"6e9bf30a-1b90-4fec-9c7f-d1bede270351","value":{"capabilities":{"firstMatch":[{"platform":"LINUX","webStorageEnabled":false,"takesScreenshot":true,"javascriptEnabled":true,"databaseEnabled":false,"networkConnectionEnabled":true,"locationContextEnabled":false,"warnings":{},"desired":{"platformName":"android","app":"C:\\Users\\AKASH KUMAR\\eclipse-workspace\\HbUnifiedAutomation\\src\\hbunifiedrc.apk","automationName":"uiautomator2","deviceName":"emulator_Akash","newCommandTimeout":15},"platformName":"android","app":"C:\\Users\\AKASH KUMAR\\eclipse-workspace\\HbUnifiedAutomation\\src\\hbunifiedrc.apk","automationName":"uiautomator2","deviceName":"emulator-5554","newCommandTimeout":15,"deviceUDID":"emulator-5554","appPackage":"com.hungerbox.customer.common"}],"alwaysMatch":{}},"sessionId":"6e9bf30a-1b90-4fec-9c7f-d1bede270351"}}
&amp#27;[35m[WD Proxy]&amp#27;[39m Determined the downstream protocol as 'W3C'
[debug] &amp#27;[35m[WD Proxy]&amp#27;[39m Proxying [GET /appium/device/info] to [GET http://127.0.0.1:8201/wd/hub/session/6e9bf30a-1b90-4fec-9c7f-d1bede270351/appium/device/info] with no body
[debug] &amp#27;[35m[WD Proxy]&amp#27;[39m Got response with status 200: {"sessionId":"6e9bf30a-1b90-4fec-9c7f-d1bede270351","value":{"androidId":"ada049946d75dc4d","apiVersion":"28","bluetooth":null,"brand":"google","carrierName":"Android","displayDensity":440,"locale":"en_US","manufacturer":"Google","model":"AOSP on IA Emulator","networks":[{"capabilities":{"SSID":null,"linkDownBandwidthKbps":1048576,"linkUpstreamBandwidthKbps":1048576,"networkCapabilities":"NET_CAPABILITY_NOT_METERED,NET_CAPABILITY_INTERNET,NET_CAPABILITY_NOT_RESTRICTED,NET_CAPABILITY_TRUSTED,NET_CAPABILITY_NOT_VPN,NET_CAPABILITY_VALIDATED,NET_CAPABILITY_NOT_ROAMING,NET_CAPABILITY_FOREGROUND,NET_CAPABILITY_NOT_CONGESTED,NET_CAPABILITY_NOT_SUSPENDED","signalStrength":-50,"transportTypes":"TRANSPORT_WIFI"},"detailedState":"CONNECTED","extraInfo":null,"isAvailable":true,"isConnected":true,"isFailover":false,"isRoaming":false,"state":"CONNECTED","subtype":0,"subtypeName":"","type":1,"typeName":"WIFI"}],"platformVersion":"9","realDisplaySize":"1080x2220","timeZone":"Asia/Calcutta"}}
[debug] &amp#27;[35m[ADB]&amp#27;[39m Running 'C:\Users\AKASH KUMAR\AppData\Local\Android\Sdk\platform-tools\adb.exe -P 5037 -s emulator-5554 shell dumpsys window'
&amp#27;[35m[AndroidDriver]&amp#27;[39m Screen already unlocked, doing nothing
&amp#27;[35m[UiAutomator2]&amp#27;[39m Starting 'com.hungerbox.customer.common/com.hungerbox.customer.prelogin.activity.MainActivity and waiting for 'com.hungerbox.customer.common/com.hungerbox.customer.prelogin.activity.MainActivity'
[debug] &amp#27;[35m[ADB]&amp#27;[39m Running 'C:\Users\AKASH KUMAR\AppData\Local\Android\Sdk\platform-tools\adb.exe -P 5037 -s emulator-5554 shell am start -W -n com.hungerbox.customer.common/com.hungerbox.customer.prelogin.activity.MainActivity -S -a android.intent.action.MAIN -c android.intent.category.LAUNCHER -f 0x10200000'
[debug] &amp#27;[35m[ADB]&amp#27;[39m Waiting up to 20000ms for activity matching pkg: 'com.hungerbox.customer.common' and activity: 'com.hungerbox.customer.prelogin.activity.MainActivity' to be focused
[debug] &amp#27;[35m[ADB]&amp#27;[39m Possible activities, to be checked: 'com.hungerbox.customer.prelogin.activity.MainActivity', 'com.hungerbox.customer.common.com.hungerbox.customer.prelogin.activity.MainActivity'
[debug] &amp#27;[35m[ADB]&amp#27;[39m Getting focused package and activity
[debug] &amp#27;[35m[ADB]&amp#27;[39m Running 'C:\Users\AKASH KUMAR\AppData\Local\Android\Sdk\platform-tools\adb.exe -P 5037 -s emulator-5554 shell dumpsys window windows'
[debug] &amp#27;[35m[ADB]&amp#27;[39m Found package: 'com.hungerbox.customer.common' and fully qualified activity name : 'com.hungerbox.customer.prelogin.activity.MainActivity'
[debug] &amp#27;[35m[WD Proxy]&amp#27;[39m Proxying [GET /appium/device/pixel_ratio] to [GET http://127.0.0.1:8201/wd/hub/session/6e9bf30a-1b90-4fec-9c7f-d1bede270351/appium/device/pixel_ratio] with no body
[debug] &amp#27;[35m[WD Proxy]&amp#27;[39m Got response with status 200: {"sessionId":"6e9bf30a-1b90-4fec-9c7f-d1bede270351","value":2.75}
[debug] &amp#27;[35m[WD Proxy]&amp#27;[39m Matched '/appium/device/system_bars' to command name 'getSystemBars'
[debug] &amp#27;[35m[WD Proxy]&amp#27;[39m Proxying [GET /appium/device/system_bars] to [GET http://127.0.0.1:8201/wd/hub/session/6e9bf30a-1b90-4fec-9c7f-d1bede270351/appium/device/system_bars] with no body
[debug] &amp#27;[35m[WD Proxy]&amp#27;[39m Got response with status 200: {"sessionId":"6e9bf30a-1b90-4fec-9c7f-d1bede270351","value":{"statusBar":66}}
[debug] &amp#27;[35m[WD Proxy]&amp#27;[39m Matched '/window/current/size' to command name 'getWindowSize'
[debug] &amp#27;[35m[WD Proxy]&amp#27;[39m Proxying [GET /window/current/size] to [GET http://127.0.0.1:8201/wd/hub/session/6e9bf30a-1b90-4fec-9c7f-d1bede270351/window/current/size] with no body
[debug] &amp#27;[35m[WD Proxy]&amp#27;[39m Got response with status 200: {"sessionId":"6e9bf30a-1b90-4fec-9c7f-d1bede270351","value":{"height":2088,"width":1080}}
&amp#27;[35m[Appium]&amp#27;[39m New AndroidUiautomator2Driver session created successfully, session d2cad76b-48f9-49ed-b91f-de0005332043 added to master session list
[debug] &amp#27;[35m[BaseDriver]&amp#27;[39m Event 'newSessionStarted' logged at 1624557098801 (23:21:38 GMT+0530 (India Standard Time))
[debug] &amp#27;[35m[W3C (d2cad76b)]&amp#27;[39m Cached the protocol value 'W3C' for the new session d2cad76b-48f9-49ed-b91f-de0005332043
[debug] &amp#27;[35m[W3C (d2cad76b)]&amp#27;[39m Responding to client with driver.createSession() result: {"capabilities":{"platform":"LINUX","webStorageEnabled":false,"takesScreenshot":true,"javascriptEnabled":true,"databaseEnabled":false,"networkConnectionEnabled":true,"locationContextEnabled":false,"warnings":{},"desired":{"platformName":"android","app":"C:\\Users\\AKASH KUMAR\\eclipse-workspace\\HbUnifiedAutomation\\src\\hbunifiedrc.apk","automationName":"uiautomator2","deviceName":"emulator_Akash","newCommandTimeout":15},"platformName":"android","app":"C:\\Users\\AKASH KUMAR\\eclipse-workspace\\HbUnifiedAutomation\\src\\hbunifiedrc.apk","automationName":"uiautomator2","deviceName":"emulator-5554","newCommandTimeout":15,"deviceUDID":"emulator-5554","appPackage":"com.hungerbox.customer.common","deviceApiLevel":28,"platformVersion":"9","deviceScreenSize":"1080x2220","deviceScreenDensity":440,"deviceModel":"AOSP on IA Emulator","deviceManufacturer":"Google","pixelRatio":2.75,"statBarHeight":66,"viewportRect":{"left":0,"top":66,"width":1080,"height":2022}}}
&amp#27;[35m[HTTP]&amp#27;[39m &amp#27;[37m<-- POST /wd/hub/session &amp#27;[39m&amp#27;[32m200&amp#27;[39m &amp#27;[90m14124 ms - 1028&amp#27;[39m
&amp#27;[35m[HTTP]&amp#27;[39m &amp#27;[90m&amp#27;[39m
&amp#27;[35m[HTTP]&amp#27;[39m &amp#27;[37m-->&amp#27;[39m &amp#27;[37mPOST&amp#27;[39m &amp#27;[37m/wd/hub/session/d2cad76b-48f9-49ed-b91f-de0005332043/timeouts&amp#27;[39m
&amp#27;[35m[HTTP]&amp#27;[39m &amp#27;[90m{"implicit":19000}&amp#27;[39m
[debug] &amp#27;[35m[W3C (d2cad76b)]&amp#27;[39m Calling AppiumDriver.timeouts() with args: [null,null,null,null,19000,"d2cad76b-48f9-49ed-b91f-de0005332043"]
[debug] &amp#27;[35m[BaseDriver]&amp#27;[39m W3C timeout argument: {"implicit":19000}}
[debug] &amp#27;[35m[BaseDriver]&amp#27;[39m Set implicit wait to 19000ms
[debug] &amp#27;[35m[W3C (d2cad76b)]&amp#27;[39m Responding to client with driver.timeouts() result: null
&amp#27;[35m[HTTP]&amp#27;[39m &amp#27;[37m<-- POST /wd/hub/session/d2cad76b-48f9-49ed-b91f-de0005332043/timeouts &amp#27;[39m&amp#27;[32m200&amp#27;[39m &amp#27;[90m6 ms - 14&amp#27;[39m
&amp#27;[35m[HTTP]&amp#27;[39m &amp#27;[90m&amp#27;[39m
&amp#27;[35m[HTTP]&amp#27;[39m &amp#27;[37m-->&amp#27;[39m &amp#27;[37mPOST&amp#27;[39m &amp#27;[37m/wd/hub/session/d2cad76b-48f9-49ed-b91f-de0005332043/timeouts&amp#27;[39m
&amp#27;[35m[HTTP]&amp#27;[39m &amp#27;[90m{"implicit":10000}&amp#27;[39m
[debug] &amp#27;[35m[W3C (d2cad76b)]&amp#27;[39m Calling AppiumDriver.timeouts() with args: [null,null,null,null,10000,"d2cad76b-48f9-49ed-b91f-de0005332043"]
[debug] &amp#27;[35m[BaseDriver]&amp#27;[39m W3C timeout argument: {"implicit":10000}}
[debug] &amp#27;[35m[BaseDriver]&amp#27;[39m Set implicit wait to 10000ms
[debug] &amp#27;[35m[W3C (d2cad76b)]&amp#27;[39m Responding to client with driver.timeouts() result: null
&amp#27;[35m[HTTP]&amp#27;[39m &amp#27;[37m<-- POST /wd/hub/session/d2cad76b-48f9-49ed-b91f-de0005332043/timeouts &amp#27;[39m&amp#27;[32m200&amp#27;[39m &amp#27;[90m5 ms - 14&amp#27;[39m
&amp#27;[35m[HTTP]&amp#27;[39m &amp#27;[90m&amp#27;[39m
&amp#27;[35m[HTTP]&amp#27;[39m &amp#27;[37m-->&amp#27;[39m &amp#27;[37mGET&amp#27;[39m &amp#27;[37m/wd/hub/session/d2cad76b-48f9-49ed-b91f-de0005332043/context&amp#27;[39m
&amp#27;[35m[HTTP]&amp#27;[39m &amp#27;[90m{}&amp#27;[39m
[debug] &amp#27;[35m[W3C (d2cad76b)]&amp#27;[39m Calling AppiumDriver.getCurrentContext() with args: ["d2cad76b-48f9-49ed-b91f-de0005332043"]
[debug] &amp#27;[35m[W3C (d2cad76b)]&amp#27;[39m Responding to client with driver.getCurrentContext() result: "NATIVE_APP"
&amp#27;[35m[HTTP]&amp#27;[39m &amp#27;[37m<-- GET /wd/hub/session/d2cad76b-48f9-49ed-b91f-de0005332043/context &amp#27;[39m&amp#27;[32m200&amp#27;[39m &amp#27;[90m5 ms - 22&amp#27;[39m
&amp#27;[35m[HTTP]&amp#27;[39m &amp#27;[90m&amp#27;[39m
&amp#27;[35m[HTTP]&amp#27;[39m &amp#27;[37m-->&amp#27;[39m &amp#27;[37mPOST&amp#27;[39m &amp#27;[37m/wd/hub/session/d2cad76b-48f9-49ed-b91f-de0005332043/element&amp#27;[39m
&amp#27;[35m[HTTP]&amp#27;[39m &amp#27;[90m{"using":"xpath","value":"//*[contains(@text='LOG IN')]"}&amp#27;[39m
[debug] &amp#27;[35m[W3C (d2cad76b)]&amp#27;[39m Calling AppiumDriver.findElement() with args: ["xpath","//*[contains(@text='LOG IN')]","d2cad76b-48f9-49ed-b91f-de0005332043"]
[debug] &amp#27;[35m[BaseDriver]&amp#27;[39m Valid locator strategies for this request: xpath, id, class name, accessibility id, css selector, -android uiautomator
[debug] &amp#27;[35m[BaseDriver]&amp#27;[39m Waiting up to 10000 ms for condition
[debug] &amp#27;[35m[WD Proxy]&amp#27;[39m Matched '/element' to command name 'findElement'
[debug] &amp#27;[35m[WD Proxy]&amp#27;[39m Proxying [POST /element] to [POST http://127.0.0.1:8201/wd/hub/session/6e9bf30a-1b90-4fec-9c7f-d1bede270351/element] with body: {"strategy":"xpath","selector":"//*[contains(@text='LOG IN')]","context":"","multiple":false}
&amp#27;[35m[WD Proxy]&amp#27;[39m Got response with status 500: {"sessionId":"6e9bf30a-1b90-4fec-9c7f-d1bede270351","value":{"error":"unknown error","message":"java.lang.IllegalStateException: Unable to evaluate expression. See cause","stacktrace":"io.appium.uiautomator2.common.exceptions.UiAutomator2Exception: java.lang.IllegalStateException: Unable to evaluate expression. See cause\n\tat io.appium.uiautomator2.core.AccessibilityNodeInfoDumper.findNodes(AccessibilityNodeInfoDumper.java:226)\n\tat io.appium.uiautomator2.utils.ElementLocationHelpers.getXPathNodeMatch(ElementLocationHelpers.java:119)\n\tat io.appium.uiautomator2.handler.FindElement.findElement(FindElement.java:89)\n\tat io.appium.uiautomator2.handler.FindElement.safeHandle(FindElement.java:68)\n\tat io.appium.uiautomator2.handler.request.SafeRequestHandler.handle(SafeRequestHandler.java:41)\n\tat io.appium.uiautomator2.server.AppiumServlet.handleRequest(AppiumServlet.java:261)\n\tat io.appium.uiautomator2.server.AppiumServlet.handleHttpRequest(AppiumServlet.java:255)\n\tat io.appium.uiautomator2.http.Ser...
[debug] &amp#27;[35m[W3C]&amp#27;[39m Matched W3C error code 'unknown error' to UnknownError
[debug] &amp#27;[35m[W3C (d2cad76b)]&amp#27;[39m Encountered internal error running command: An unknown server-side error occurred while processing the command. Original error: java.lang.IllegalStateException: Unable to evaluate expression. See cause
[debug] &amp#27;[35m[W3C (d2cad76b)]&amp#27;[39m io.appium.uiautomator2.common.exceptions.UiAutomator2Exception: java.lang.IllegalStateException: Unable to evaluate expression. See cause
[debug] &amp#27;[35m[W3C (d2cad76b)]&amp#27;[39m 	at io.appium.uiautomator2.core.AccessibilityNodeInfoDumper.findNodes(AccessibilityNodeInfoDumper.java:226)
[debug] &amp#27;[35m[W3C (d2cad76b)]&amp#27;[39m 	at io.appium.uiautomator2.utils.ElementLocationHelpers.getXPathNodeMatch(ElementLocationHelpers.java:119)
[debug] &amp#27;[35m[W3C (d2cad76b)]&amp#27;[39m 	at io.appium.uiautomator2.handler.FindElement.findElement(FindElement.java:89)
[debug] &amp#27;[35m[W3C (d2cad76b)]&amp#27;[39m 	at io.appium.uiautomator2.handler.FindElement.safeHandle(FindElement.java:68)
[debug] &amp#27;[35m[W3C (d2cad76b)]&amp#27;[39m 	at io.appium.uiautomator2.handler.request.SafeRequestHandler.handle(SafeRequestHandler.java:41)
[debug] &amp#27;[35m[W3C (d2cad76b)]&amp#27;[39m 	at io.appium.uiautomator2.server.AppiumServlet.handleRequest(AppiumServlet.java:261)
[debug] &amp#27;[35m[W3C (d2cad76b)]&amp#27;[39m 	at io.appium.uiautomator2.server.AppiumServlet.handleHttpRequest(AppiumServlet.java:255)
[debug] &amp#27;[35m[W3C (d2cad76b)]&amp#27;[39m 	at io.appium.uiautomator2.http.ServerHandler.channelRead(ServerHandler.java:68)
[debug] &amp#27;[35m[W3C (d2cad76b)]&amp#27;[39m 	at io.netty.channel.AbstractChannelHandlerContext.invokeChannelRead(AbstractChannelHandlerContext.java:366)
[debug] &amp#27;[35m[W3C (d2cad76b)]&amp#27;[39m 	at io.netty.channel.AbstractChannelHandlerContext.invokeChannelRead(AbstractChannelHandlerContext.java:352)
[debug] &amp#27;[35m[W3C (d2cad76b)]&amp#27;[39m 	at io.netty.channel.AbstractChannelHandlerContext.fireChannelRead(AbstractChannelHandlerContext.java:345)
[debug] &amp#27;[35m[W3C (d2cad76b)]&amp#27;[39m 	at io.netty.handler.codec.MessageToMessageDecoder.channelRead(MessageToMessageDecoder.java:102)
[debug] &amp#27;[35m[W3C (d2cad76b)]&amp#27;[39m 	at io.netty.channel.AbstractChannelHandlerContext.invokeChannelRead(AbstractChannelHandlerContext.java:366)
[debug] &amp#27;[35m[W3C (d2cad76b)]&amp#27;[39m 	at io.netty.channel.AbstractChannelHandlerContext.invokeChannelRead(AbstractChannelHandlerContext.java:352)
[debug] &amp#27;[35m[W3C (d2cad76b)]&amp#27;[39m 	at io.netty.channel.AbstractChannelHandlerContext.fireChannelRead(AbstractChannelHandlerContext.java:345)
[debug] &amp#27;[35m[W3C (d2cad76b)]&amp#27;[39m 	at io.netty.channel.CombinedChannelDuplexHandler$DelegatingChannelHandlerContext.fireChannelRead(CombinedChannelDuplexHandler.java:435)
[debug] &amp#27;[35m[W3C (d2cad76b)]&amp#27;[39m 	at io.netty.handler.codec.ByteToMessageDecoder.fireChannelRead(ByteToMessageDecoder.java:293)
[debug] &amp#27;[35m[W3C (d2cad76b)]&amp#27;[39m 	at io.netty.handler.codec.ByteToMessageDecoder.channelRead(ByteToMessageDecoder.java:267)
[debug] &amp#27;[35m[W3C (d2cad76b)]&amp#27;[39m 	at io.netty.channel.CombinedChannelDuplexHandler.channelRead(CombinedChannelDuplexHandler.java:250)
[debug] &amp#27;[35m[W3C (d2cad76b)]&amp#27;[39m 	at io.netty.channel.AbstractChannelHandlerContext.invokeChannelRead(AbstractChannelHandlerContext.java:366)
[debug] &amp#27;[35m[W3C (d2cad76b)]&amp#27;[39m 	at io.netty.channel.AbstractChannelHandlerContext.invokeChannelRead(AbstractChannelHandlerContext.java:352)
[debug] &amp#27;[35m[W3C (d2cad76b)]&amp#27;[39m 	at io.netty.channel.AbstractChannelHandlerContext.fireChannelRead(AbstractChannelHandlerContext.java:345)
[debug] &amp#27;[35m[W3C (d2cad76b)]&amp#27;[39m 	at io.netty.handler.timeout.IdleStateHandler.channelRead(IdleStateHandler.java:266)
[debug] &amp#27;[35m[W3C (d2cad76b)]&amp#27;[39m 	at io.netty.channel.AbstractChannelHandlerContext.invokeChannelRead(AbstractChannelHandlerContext.java:366)
[debug] &amp#27;[35m[W3C (d2cad76b)]&amp#27;[39m 	at io.netty.channel.AbstractChannelHandlerContext.invokeChannelRead(AbstractChannelHandlerContext.java:352)
[debug] &amp#27;[35m[W3C (d2cad76b)]&amp#27;[39m 	at io.netty.channel.AbstractChannelHandlerContext.fireChannelRead(AbstractChannelHandlerContext.java:345)
[debug] &amp#27;[35m[W3C (d2cad76b)]&amp#27;[39m 	at io.netty.channel.DefaultChannelPipeline$HeadContext.channelRead(DefaultChannelPipeline.java:1294)
[debug] &amp#27;[35m[W3C (d2cad76b)]&amp#27;[39m 	at io.netty.channel.AbstractChannelHandlerContext.invokeChannelRead(AbstractChannelHandlerContext.java:366)
[debug] &amp#27;[35m[W3C (d2cad76b)]&amp#27;[39m 	at io.netty.channel.AbstractChannelHandlerContext.invokeChannelRead(AbstractChannelHandlerContext.java:352)
[debug] &amp#27;[35m[W3C (d2cad76b)]&amp#27;[39m 	at io.netty.channel.DefaultChannelPipeline.fireChannelRead(DefaultChannelPipeline.java:911)
[debug] &amp#27;[35m[W3C (d2cad76b)]&amp#27;[39m 	at io.netty.channel.nio.AbstractNioByteChannel$NioByteUnsafe.read(AbstractNioByteChannel.java:131)
[debug] &amp#27;[35m[W3C (d2cad76b)]&amp#27;[39m 	at io.netty.channel.nio.NioEventLoop.processSelectedKey(NioEventLoop.java:611)
[debug] &amp#27;[35m[W3C (d2cad76b)]&amp#27;[39m 	at io.netty.channel.nio.NioEventLoop.processSelectedKeysOptimized(NioEventLoop.java:552)
[debug] &amp#27;[35m[W3C (d2cad76b)]&amp#27;[39m 	at io.netty.channel.nio.NioEventLoop.processSelectedKeys(NioEventLoop.java:466)
[debug] &amp#27;[35m[W3C (d2cad76b)]&amp#27;[39m 	at io.netty.channel.nio.NioEventLoop.run(NioEventLoop.java:438)
[debug] &amp#27;[35m[W3C (d2cad76b)]&amp#27;[39m 	at io.netty.util.concurrent.SingleThreadEventExecutor$2.run(SingleThreadEventExecutor.java:140)
[debug] &amp#27;[35m[W3C (d2cad76b)]&amp#27;[39m 	at io.netty.util.concurrent.DefaultThreadFactory$DefaultRunnableDecorator.run(DefaultThreadFactory.java:144)
[debug] &amp#27;[35m[W3C (d2cad76b)]&amp#27;[39m 	at java.lang.Thread.run(Thread.java:764)
[debug] &amp#27;[35m[W3C (d2cad76b)]&amp#27;[39m Caused by: java.lang.IllegalStateException: Unable to evaluate expression. See cause
[debug] &amp#27;[35m[W3C (d2cad76b)]&amp#27;[39m 	at org.jdom2.xpath.jaxen.JaxenCompiled.evaluateRawAll(JaxenCompiled.java:200)
[debug] &amp#27;[35m[W3C (d2cad76b)]&amp#27;[39m 	at org.jdom2.xpath.util.AbstractXPathCompiled.evaluate(AbstractXPathCompiled.java:356)
[debug] &amp#27;[35m[W3C (d2cad76b)]&amp#27;[39m 	at io.appium.uiautomator2.core.AccessibilityNodeInfoDumper.findNodes(AccessibilityNodeInfoDumper.java:207)
[debug] &amp#27;[35m[W3C (d2cad76b)]&amp#27;[39m 	... 37 more
[debug] &amp#27;[35m[W3C (d2cad76b)]&amp#27;[39m Caused by: org.jaxen.FunctionCallException: contains() requires two arguments.
[debug] &amp#27;[35m[W3C (d2cad76b)]&amp#27;[39m 	at org.jaxen.function.ContainsFunction.call(ContainsFunction.java:105)
[debug] &amp#27;[35m[W3C (d2cad76b)]&amp#27;[39m 	at org.jaxen.expr.DefaultFunctionCallExpr.evaluate(DefaultFunctionCallExpr.java:181)
[debug] &amp#27;[35m[W3C (d2cad76b)]&amp#27;[39m 	at org.jaxen.expr.DefaultPredicate.evaluate(DefaultPredicate.java:95)
[debug] &amp#27;[35m[W3C (d2cad76b)]&amp#27;[39m 	at org.jaxen.expr.PredicateSet.applyPredicate(PredicateSet.java:269)
[debug] &amp#27;[35m[W3C (d2cad76b)]&amp#27;[39m 	at org.jaxen.expr.PredicateSet.evaluatePredicates(PredicateSet.java:245)
[debug] &amp#27;[35m[W3C (d2cad76b)]&amp#27;[39m 	at org.jaxen.expr.DefaultNameStep.evaluate(DefaultNameStep.java:291)
[debug] &amp#27;[35m[W3C (d2cad76b)]&amp#27;[39m 	at org.jaxen.expr.DefaultLocationPath.evaluate(DefaultLocationPath.java:140)
[debug] &amp#27;[35m[W3C (d2cad76b)]&amp#27;[39m 	at org.jaxen.expr.DefaultAbsoluteLocationPath.evaluate(DefaultAbsoluteLocationPath.java:113)
[debug] &amp#27;[35m[W3C (d2cad76b)]&amp#27;[39m 	at org.jaxen.expr.DefaultPathExpr.evaluate(DefaultPathExpr.java:137)
[debug] &amp#27;[35m[W3C (d2cad76b)]&amp#27;[39m 	at org.jaxen.expr.DefaultXPathExpr.asList(DefaultXPathExpr.java:102)
[debug] &amp#27;[35m[W3C (d2cad76b)]&amp#27;[39m 	at org.jaxen.BaseXPath.selectNodesForContext(BaseXPath.java:675)
[debug] &amp#27;[35m[W3C (d2cad76b)]&amp#27;[39m 	at org.jaxen.BaseXPath.selectNodes(BaseXPath.java:215)
[debug] &amp#27;[35m[W3C (d2cad76b)]&amp#27;[39m 	at org.jdom2.xpath.jaxen.JaxenCompiled.evaluateRawAll(JaxenCompiled.java:198)
[debug] &amp#27;[35m[W3C (d2cad76b)]&amp#27;[39m 	... 39 more
[debug] &amp#27;[35m[W3C (d2cad76b)]&amp#27;[39m 
&amp#27;[35m[HTTP]&amp#27;[39m &amp#27;[37m<-- POST /wd/hub/session/d2cad76b-48f9-49ed-b91f-de0005332043/element &amp#27;[39m&amp#27;[31m500&amp#27;[39m &amp#27;[90m1269 ms - 5607&amp#27;[39m
&amp#27;[35m[HTTP]&amp#27;[39m &amp#27;[90m&amp#27;[39m
]]></system-out>
    <system-err><![CDATA[Jun 24, 2021 11:21:38 PM io.appium.java_client.remote.AppiumCommandExecutor$1 lambda$0
INFO: Detected dialect: W3C
]]></system-err>
  </testcase>
</testsuite>